2025-02-04 13:17:34 INFO  TC_03_ValidAccountCreation:20 - ****** Starting TC_03_ValidAccountCreation ********* 
2025-02-04 13:17:36 INFO  TC_03_ValidAccountCreation:24 - Clicked on Account link
2025-02-04 13:17:37 INFO  TC_03_ValidAccountCreation:30 -  Account page is verified
2025-02-04 13:17:39 INFO  TC_03_ValidAccountCreation:34 - Clicked on Create Account 
2025-02-04 13:17:39 INFO  TC_03_ValidAccountCreation:56 - Provided the details required for account creation
2025-02-04 13:17:43 INFO  TC_03_ValidAccountCreation:61 - Successfully New account cretaed for IECSAWJBTS
2025-02-04 13:17:43 INFO  TC_03_ValidAccountCreation:65 - Validated Successful Account creation
2025-02-04 13:17:45 INFO  TC_03_ValidAccountCreation:75 - ********** END of TC_03_ValidAccountCreation *********
2025-02-04 13:25:59 INFO  TC_03_ValidAccountCreation:20 - ****** Starting TC_03_ValidAccountCreation ********* 
2025-02-04 13:26:02 INFO  TC_03_ValidAccountCreation:24 - Clicked on Account link
2025-02-04 13:26:03 INFO  TC_03_ValidAccountCreation:30 -  Account page is verified
2025-02-04 13:26:04 INFO  TC_03_ValidAccountCreation:34 - Clicked on Create Account 
2025-02-04 13:26:05 INFO  TC_03_ValidAccountCreation:56 - Provided the details required for account creation
2025-02-04 13:26:09 INFO  TC_03_ValidAccountCreation:61 - Successfully New account cretaed for GZIDFMSEEB
2025-02-04 13:26:09 INFO  TC_03_ValidAccountCreation:65 - Validated Successful Account creation
2025-02-04 13:26:11 INFO  TC_03_ValidAccountCreation:75 - ********** END of TC_03_ValidAccountCreation *********
2025-02-04 13:47:00 INFO  TC_03_ValidAccountCreation:20 - ****** Starting TC_03_ValidAccountCreation ********* 
2025-02-04 13:47:02 INFO  TC_03_ValidAccountCreation:24 - Clicked on Account link
2025-02-04 13:47:03 INFO  TC_03_ValidAccountCreation:30 -  Account page is verified
2025-02-04 13:47:04 INFO  TC_03_ValidAccountCreation:34 - Clicked on Create Account 
2025-02-04 13:47:05 INFO  TC_03_ValidAccountCreation:56 - Provided the details required for account creation
2025-02-04 13:47:09 INFO  TC_03_ValidAccountCreation:61 - Successfully New account cretaed for JSTQTEKTSD
2025-02-04 13:47:09 INFO  TC_03_ValidAccountCreation:65 - Validated Successful Account creation
2025-02-04 13:47:11 INFO  TC_03_ValidAccountCreation:75 - ********** END of TC_03_ValidAccountCreation *********
2025-02-04 13:48:53 INFO  TC_03_ValidAccountCreation:20 - ****** Starting TC_03_ValidAccountCreation ********* 
2025-02-04 13:48:54 INFO  TC_03_ValidAccountCreation:24 - Clicked on Account link
2025-02-04 13:48:55 INFO  TC_03_ValidAccountCreation:30 -  Account page is verified
2025-02-04 13:48:56 INFO  TC_03_ValidAccountCreation:34 - Clicked on Create Account 
2025-02-04 13:48:57 INFO  TC_03_ValidAccountCreation:56 - Provided the details required for account creation
2025-02-04 13:49:01 INFO  TC_03_ValidAccountCreation:61 - Successfully New account cretaed for FKYVVPSXLB
2025-02-04 13:49:01 INFO  TC_03_ValidAccountCreation:65 - Validated Successful Account creation
2025-02-04 13:49:03 INFO  TC_03_ValidAccountCreation:75 - ********** END of TC_03_ValidAccountCreation *********
2025-02-04 14:16:53 INFO  TC_03_ValidAccountCreation:20 - ****** Starting TC_03_ValidAccountCreation ********* 
2025-02-04 14:17:01 INFO  TC_03_ValidAccountCreation:24 - Clicked on Account link
2025-02-04 14:17:02 INFO  TC_03_ValidAccountCreation:30 -  Account page is verified
2025-02-04 14:17:03 INFO  TC_03_ValidAccountCreation:34 - Clicked on Create Account 
2025-02-04 14:17:04 INFO  TC_03_ValidAccountCreation:56 - Provided the details required for account creation
2025-02-04 14:17:08 INFO  TC_03_ValidAccountCreation:61 - Successfully New account cretaed for HIWLHGPGOY
2025-02-04 14:17:09 INFO  TC_03_ValidAccountCreation:65 - Validated Successful Account creation
2025-02-04 14:17:11 INFO  TC_03_ValidAccountCreation:75 - ********** END of TC_03_ValidAccountCreation *********
